Create directory tmp
easy-cluster temp2.fasta clusterRes2 tmp 

MMseqs Version:                     	22115bff0d29efef9929eb21d73ac9622fff816a
Substitution matrix                 	aa:blosum62.out,nucl:nucleotide.out
Seed substitution matrix            	aa:VTML80.out,nucl:nucleotide.out
Sensitivity                         	4
k-mer length                        	0
Target search mode                  	0
k-score                             	seq:2147483647,prof:2147483647
Alphabet size                       	aa:21,nucl:5
Max sequence length                 	65535
Max results per query               	20
Split database                      	0
Split mode                          	2
Split memory limit                  	0
Coverage threshold                  	0.8
Coverage mode                       	0
Compositional bias                  	1
Compositional bias scale            	1
Diagonal scoring                    	true
Exact k-mer matching                	0
Mask residues                       	1
Mask residues probability           	0.9
Mask lower case residues            	0
Mask lower letter repeating N times 	0
Minimum diagonal score              	15
Selected taxa                       	
Include identical seq. id.          	false
Spaced k-mers                       	1
Preload mode                        	0
Pseudo count a                      	substitution:1.100,context:1.400
Pseudo count b                      	substitution:4.100,context:5.800
Spaced k-mer pattern                	
Local temporary path                	
Threads                             	8
Compressed                          	0
Verbosity                           	3
Add backtrace                       	false
Alignment mode                      	3
Alignment mode                      	0
Allow wrapped scoring               	false
E-value threshold                   	0.001
Seq. id. threshold                  	0
Min alignment length                	0
Seq. id. mode                       	0
Alternative alignments              	0
Max reject                          	2147483647
Max accept                          	2147483647
Score bias                          	0
Realign hits                        	false
Realign score bias                  	-0.2
Realign max seqs                    	2147483647
Correlation score weight            	0
Gap open cost                       	aa:11,nucl:5
Gap extension cost                  	aa:1,nucl:2
Zdrop                               	40
Rescore mode                        	0
Remove hits by seq. id. and coverage	false
Sort results                        	0
Cluster mode                        	0
Max connected component depth       	1000
Similarity type                     	2
Weight file name                    	
Cluster Weight threshold            	0.9
Single step clustering              	false
Cascaded clustering steps           	3
Cluster reassign                    	false
Remove temporary files              	true
Force restart with latest tmp       	false
MPI runner                          	
k-mers per sequence                 	21
Scale k-mers per sequence           	aa:0.000,nucl:0.200
Adjust k-mer length                 	false
Shift hash                          	67
Include only extendable             	false
Skip repeating k-mers               	false
Database type                       	0
Shuffle input database              	true
Createdb mode                       	1
Write lookup file                   	0
Offset of numeric ids               	0

createdb temp2.fasta tmp/4340061259008272630/input --dbtype 0 --shuffle 1 --createdb-mode 1 --write-lookup 0 --id-offset 0 --compressed 0 -v 3 

Shuffle database cannot be combined with --createdb-mode 1
We recompute with --shuffle 0
Converting sequences
[Multiline fasta can not be combined with --createdb-mode 0
We recompute with --createdb-mode 1
Time for merging to input_h: 0h 0m 0s 0ms
Time for merging to input: 0h 0m 0s 0ms
[
Time for merging to input_h: 0h 0m 0s 0ms
Time for merging to input: 0h 0m 0s 0ms
Database type: Aminoacid
Time for processing: 0h 0m 0s 7ms
Create directory tmp/4340061259008272630/clu_tmp
cluster tmp/4340061259008272630/input tmp/4340061259008272630/clu tmp/4340061259008272630/clu_tmp --max-seqs 20 -c 0.8 --spaced-kmer-mode 1 --alignment-mode 3 -e 0.001 --remove-tmp-files 1 

Set cluster sensitivity to -s 6.000000
Set cluster mode SET COVER
Set cluster iterations to 3
linclust tmp/4340061259008272630/input tmp/4340061259008272630/clu_tmp/11480711595789921468/clu_redundancy tmp/4340061259008272630/clu_tmp/11480711595789921468/linclust --cluster-mode 0 --max-iterations 1000 --similarity-type 2 --threads 8 --compressed 0 -v 3 --cluster-weight-threshold 0.9 --sub-mat 'aa:blosum62.out,nucl:nucleotide.out' -a 0 --alignment-mode 3 --alignment-output-mode 0 --wrapped-scoring 0 -e 0.001 --min-seq-id 0 --min-aln-len 0 --seq-id-mode 0 --alt-ali 0 -c 0.8 --cov-mode 0 --max-seq-len 65535 --comp-bias-corr 1 --comp-bias-corr-scale 1 --max-rejected 2147483647 --max-accept 2147483647 --add-self-matches 0 --db-load-mode 0 --pca substitution:1.100,context:1.400 --pcb substitution:4.100,context:5.800 --score-bias 0 --realign 0 --realign-score-bias -0.2 --realign-max-seqs 2147483647 --corr-score-weight 0 --gap-open aa:11,nucl:5 --gap-extend aa:1,nucl:2 --zdrop 40 --alph-size aa:13,nucl:5 --kmer-per-seq 21 --spaced-kmer-mode 1 --kmer-per-seq-scale aa:0.000,nucl:0.200 --adjust-kmer-len 0 --mask 0 --mask-prob 0.9 --mask-lower-case 0 --mask-n-repeat 0 -k 0 --hash-shift 67 --split-memory-limit 0 --include-only-extendable 0 --ignore-multi-kmer 0 --rescore-mode 0 --filter-hits 0 --sort-results 0 --remove-tmp-files 1 --force-reuse 0 

kmermatcher tmp/4340061259008272630/input tmp/4340061259008272630/clu_tmp/11480711595789921468/linclust/5463314027940621638/pref --sub-mat 'aa:blosum62.out,nucl:nucleotide.out' --alph-size aa:13,nucl:5 --min-seq-id 0 --kmer-per-seq 21 --spaced-kmer-mode 1 --kmer-per-seq-scale aa:0.000,nucl:0.200 --adjust-kmer-len 0 --mask 0 --mask-prob 0.9 --mask-lower-case 0 --mask-n-repeat 0 --cov-mode 0 -k 0 -c 0.8 --max-seq-len 65535 --hash-shift 67 --split-memory-limit 0 --include-only-extendable 0 --ignore-multi-kmer 0 --threads 8 --compressed 0 -v 3 --cluster-weight-threshold 0.9 

kmermatcher tmp/4340061259008272630/input tmp/4340061259008272630/clu_tmp/11480711595789921468/linclust/5463314027940621638/pref --sub-mat 'aa:blosum62.out,nucl:nucleotide.out' --alph-size aa:13,nucl:5 --min-seq-id 0 --kmer-per-seq 21 --spaced-kmer-mode 1 --kmer-per-seq-scale aa:0.000,nucl:0.200 --adjust-kmer-len 0 --mask 0 --mask-prob 0.9 --mask-lower-case 0 --mask-n-repeat 0 --cov-mode 0 -k 0 -c 0.8 --max-seq-len 65535 --hash-shift 67 --split-memory-limit 0 --include-only-extendable 0 --ignore-multi-kmer 0 --threads 8 --compressed 0 -v 3 --cluster-weight-threshold 0.9 

Database size: 124 type: Aminoacid
Reduced amino acid alphabet: (A S T) (C) (D B N) (E Q Z) (F Y) (G) (H) (I V) (K R) (L J M) (P) (W) (X) 

Generate k-mers list for 1 split
[=================================================================] 124 0s 2ms
Sort kmer 0h 0m 0s 0ms
Sort by rep. sequence 0h 0m 0s 0ms
Time for fill: 0h 0m 0s 0ms
Time for merging to pref: 0h 0m 0s 0ms
Time for processing: 0h 0m 0s 14ms
rescorediagonal tmp/4340061259008272630/input tmp/4340061259008272630/input tmp/4340061259008272630/clu_tmp/11480711595789921468/linclust/5463314027940621638/pref tmp/4340061259008272630/clu_tmp/11480711595789921468/linclust/5463314027940621638/pref_rescore1 --sub-mat 'aa:blosum62.out,nucl:nucleotide.out' --rescore-mode 0 --wrapped-scoring 0 --filter-hits 0 -e 0.001 -c 0.8 -a 0 --cov-mode 0 --min-seq-id 0.5 --min-aln-len 0 --seq-id-mode 0 --add-self-matches 0 --sort-results 0 --db-load-mode 0 --threads 8 --compressed 0 -v 3 

[================================================================] =124 0s 1ms
Time for merging to pref_rescore1: 0h 0m 0s 0ms
Time for processing: 0h 0m 0s 5ms
clust tmp/4340061259008272630/input tmp/4340061259008272630/clu_tmp/11480711595789921468/linclust/5463314027940621638/pref_rescore1 tmp/4340061259008272630/clu_tmp/11480711595789921468/linclust/5463314027940621638/pre_clust --cluster-mode 0 --max-iterations 1000 --similarity-type 2 --threads 8 --compressed 0 -v 3 --cluster-weight-threshold 0.9 

Clustering mode: Set Cover
[=================================================================] 124 0s 0ms
Sort entries
Find missing connections
Found 43 new connections.
Reconstruct initial order
[=================================================================] 124 0s 0ms
Add missing connections
[=================================================================] 124 0s 0ms

Time for read in: 0h 0m 0s 7ms
Total time: 0h 0m 0s 10ms

Size of the sequence database: 124
Size of the alignment database: 124
Number of clusters: 88

Writing results 0h 0m 0s 0ms
Time for merging to pre_clust: 0h 0m 0s 0ms
Time for processing: 0h 0m 0s 10ms
createsubdb tmp/4340061259008272630/clu_tmp/11480711595789921468/linclust/5463314027940621638/order_redundancy tmp/4340061259008272630/input tmp/4340061259008272630/clu_tmp/11480711595789921468/linclust/5463314027940621638/input_step_redundancy -v 3 --subdb-mode 1 

Time for merging to input_step_redundancy: 0h 0m 0s 0ms
Time for processing: 0h 0m 0s 2ms
createsubdb tmp/4340061259008272630/clu_tmp/11480711595789921468/linclust/5463314027940621638/order_redundancy tmp/4340061259008272630/clu_tmp/11480711595789921468/linclust/5463314027940621638/pref tmp/4340061259008272630/clu_tmp/11480711595789921468/linclust/5463314027940621638/pref_filter1 -v 3 --subdb-mode 1 

Time for merging to pref_filter1: 0h 0m 0s 0ms
Time for processing: 0h 0m 0s 0ms
filterdb tmp/4340061259008272630/clu_tmp/11480711595789921468/linclust/5463314027940621638/pref_filter1 tmp/4340061259008272630/clu_tmp/11480711595789921468/linclust/5463314027940621638/pref_filter2 --filter-file tmp/4340061259008272630/clu_tmp/11480711595789921468/linclust/5463314027940621638/order_redundancy --threads 8 --compressed 0 -v 3 

Filtering using file(s)
[=================================================================] 88 0s 0ms
Time for merging to pref_filter2: 0h 0m 0s 0ms
Time for processing: 0h 0m 0s 4ms
rescorediagonal tmp/4340061259008272630/clu_tmp/11480711595789921468/linclust/5463314027940621638/input_step_redundancy tmp/4340061259008272630/clu_tmp/11480711595789921468/linclust/5463314027940621638/input_step_redundancy tmp/4340061259008272630/clu_tmp/11480711595789921468/linclust/5463314027940621638/pref_filter2 tmp/4340061259008272630/clu_tmp/11480711595789921468/linclust/5463314027940621638/pref_rescore2 --sub-mat 'aa:blosum62.out,nucl:nucleotide.out' --rescore-mode 1 --wrapped-scoring 0 --filter-hits 1 -e 0.001 -c 0.8 -a 0 --cov-mode 0 --min-seq-id 0 --min-aln-len 0 --seq-id-mode 0 --add-self-matches 0 --sort-results 0 --db-load-mode 0 --threads 8 --compressed 0 -v 3 

Can not find any score per column for coverage 0.800000 and sequence identity 0.000000. No hit will be filtered.
[=================================================================] 88 0s 0ms
Time for merging to pref_rescore2: 0h 0m 0s 0ms
Time for processing: 0h 0m 0s 7ms
align tmp/4340061259008272630/clu_tmp/11480711595789921468/linclust/5463314027940621638/input_step_redundancy tmp/4340061259008272630/clu_tmp/11480711595789921468/linclust/5463314027940621638/input_step_redundancy tmp/4340061259008272630/clu_tmp/11480711595789921468/linclust/5463314027940621638/pref_rescore2 tmp/4340061259008272630/clu_tmp/11480711595789921468/linclust/5463314027940621638/aln --sub-mat 'aa:blosum62.out,nucl:nucleotide.out' -a 0 --alignment-mode 3 --alignment-output-mode 0 --wrapped-scoring 0 -e 0.001 --min-seq-id 0 --min-aln-len 0 --seq-id-mode 0 --alt-ali 0 -c 0.8 --cov-mode 0 --max-seq-len 65535 --comp-bias-corr 1 --comp-bias-corr-scale 1 --max-rejected 2147483647 --max-accept 2147483647 --add-self-matches 0 --db-load-mode 0 --pca substitution:1.100,context:1.400 --pcb substitution:4.100,context:5.800 --score-bias 0 --realign 0 --realign-score-bias -0.2 --realign-max-seqs 2147483647 --corr-score-weight 0 --gap-open aa:11,nucl:5 --gap-extend aa:1,nucl:2 --zdrop 40 --threads 8 --compressed 0 -v 3 

Compute score, coverage and sequence identity
Query database size: 88 type: Aminoacid
Target database size: 88 type: Aminoacid
Calculation of alignments
[=================================================================] 88 0s 2ms
Time for merging to aln: 0h 0m 0s 0ms
89 alignments calculated
89 sequence pairs passed the thresholds (1.000000 of overall calculated)
1.011364 hits per query sequence
Time for processing: 0h 0m 0s 6ms
clust tmp/4340061259008272630/clu_tmp/11480711595789921468/linclust/5463314027940621638/input_step_redundancy tmp/4340061259008272630/clu_tmp/11480711595789921468/linclust/5463314027940621638/aln tmp/4340061259008272630/clu_tmp/11480711595789921468/linclust/5463314027940621638/clust --cluster-mode 0 --max-iterations 1000 --similarity-type 2 --threads 8 --compressed 0 -v 3 --cluster-weight-threshold 0.9 

Clustering mode: Set Cover
[=================================================================] 88 0s 0ms
Sort entries
Find missing connections
Found 1 new connections.
Reconstruct initial order
[=================================================================] 88 0s 0ms
Add missing connections
[=================================================================] 88 0s 0ms

Time for read in: 0h 0m 0s 6ms
Total time: 0h 0m 0s 8ms

Size of the sequence database: 88
Size of the alignment database: 88
Number of clusters: 87

Writing results 0h 0m 0s 0ms
Time for merging to clust: 0h 0m 0s 0ms
Time for processing: 0h 0m 0s 9ms
mergeclusters tmp/4340061259008272630/input tmp/4340061259008272630/clu_tmp/11480711595789921468/clu_redundancy tmp/4340061259008272630/clu_tmp/11480711595789921468/linclust/5463314027940621638/pre_clust tmp/4340061259008272630/clu_tmp/11480711595789921468/linclust/5463314027940621638/clust --threads 8 --compressed 0 -v 3 

Clustering step 1
[=================================================================] 88 0s 0ms
Clustering step 2
[=================================================================] 87 0s 3ms
Write merged clustering
[=================================================================] 124 0s 5ms
Time for merging to clu_redundancy: 0h 0m 0s 0ms
Time for processing: 0h 0m 0s 9ms
rmdb tmp/4340061259008272630/clu_tmp/11480711595789921468/linclust/5463314027940621638/pref_filter1 -v 3 

Time for processing: 0h 0m 0s 1ms
rmdb tmp/4340061259008272630/clu_tmp/11480711595789921468/linclust/5463314027940621638/pref -v 3 

Time for processing: 0h 0m 0s 0ms
rmdb tmp/4340061259008272630/clu_tmp/11480711595789921468/linclust/5463314027940621638/pref_rescore1 -v 3 

Time for processing: 0h 0m 0s 0ms
rmdb tmp/4340061259008272630/clu_tmp/11480711595789921468/linclust/5463314027940621638/pre_clust -v 3 

Time for processing: 0h 0m 0s 0ms
rmdb tmp/4340061259008272630/clu_tmp/11480711595789921468/linclust/5463314027940621638/input_step_redundancy -v 3 

Time for processing: 0h 0m 0s 0ms
rmdb tmp/4340061259008272630/clu_tmp/11480711595789921468/linclust/5463314027940621638/input_step_redundancy_h -v 3 

Time for processing: 0h 0m 0s 0ms
rmdb tmp/4340061259008272630/clu_tmp/11480711595789921468/linclust/5463314027940621638/pref_filter2 -v 3 

Time for processing: 0h 0m 0s 0ms
rmdb tmp/4340061259008272630/clu_tmp/11480711595789921468/linclust/5463314027940621638/pref_rescore2 -v 3 

Time for processing: 0h 0m 0s 0ms
rmdb tmp/4340061259008272630/clu_tmp/11480711595789921468/linclust/5463314027940621638/aln -v 3 

Time for processing: 0h 0m 0s 0ms
rmdb tmp/4340061259008272630/clu_tmp/11480711595789921468/linclust/5463314027940621638/clust -v 3 

Time for processing: 0h 0m 0s 0ms
createsubdb tmp/4340061259008272630/clu_tmp/11480711595789921468/clu_redundancy tmp/4340061259008272630/input tmp/4340061259008272630/clu_tmp/11480711595789921468/input_step_redundancy -v 3 --subdb-mode 1 

Time for merging to input_step_redundancy: 0h 0m 0s 0ms
Time for processing: 0h 0m 0s 1ms
prefilter tmp/4340061259008272630/clu_tmp/11480711595789921468/input_step_redundancy tmp/4340061259008272630/clu_tmp/11480711595789921468/input_step_redundancy tmp/4340061259008272630/clu_tmp/11480711595789921468/pref_step0 --sub-mat 'aa:blosum62.out,nucl:nucleotide.out' --seed-sub-mat 'aa:VTML80.out,nucl:nucleotide.out' -s 1 -k 0 --target-search-mode 0 --k-score seq:2147483647,prof:2147483647 --alph-size aa:21,nucl:5 --max-seq-len 65535 --max-seqs 20 --split 0 --split-mode 2 --split-memory-limit 0 -c 0.8 --cov-mode 0 --comp-bias-corr 0 --comp-bias-corr-scale 1 --diag-score 0 --exact-kmer-matching 0 --mask 1 --mask-prob 0.9 --mask-lower-case 0 --mask-n-repeat 0 --min-ungapped-score 0 --add-self-matches 0 --spaced-kmer-mode 1 --db-load-mode 0 --pca substitution:1.100,context:1.400 --pcb substitution:4.100,context:5.800 --threads 8 --compressed 0 -v 3 

Query database size: 87 type: Aminoacid
Estimated memory consumption: 977M
Target database size: 87 type: Aminoacid
Index table k-mer threshold: 154 at k-mer size 6 
Index table: counting k-mers
[=================================================================] 87 0s 105ms
Index table: Masked residues: 113
Index table: fill
[=================================================================] 87 0s 4ms
Index statistics
Entries:          8286
DB size:          488 MB
Avg k-mer size:   0.000129
Top 10 k-mers
    GQPQIC	2
    IHGKQC	2
    SGHGSC	2
    RPAPSC	2
    PYCVCD	2
    KPGKDD	2
    SCRFSD	2
    RGRRCE	2
    CDRSDE	2
    PCRGIE	2
Time for index table init: 0h 0m 1s 219ms
Process prefiltering step 1 of 1

k-mer similarity threshold: 154
Starting prefiltering scores calculation (step 1 of 1)
Query db start 1 to 87
Target db start 1 to 87
[================================================================] 87 0s 5ms
=
1.967521 k-mers per position
96 DB matches per sequence
0 overflows
1 sequences passed prefiltering per query sequence
1 median result list length
0 sequences with 0 size result lists
Time for merging to pref_step0: 0h 0m 0s 0ms
Time for processing: 0h 0m 1s 905ms
align tmp/4340061259008272630/clu_tmp/11480711595789921468/input_step_redundancy tmp/4340061259008272630/clu_tmp/11480711595789921468/input_step_redundancy tmp/4340061259008272630/clu_tmp/11480711595789921468/pref_step0 tmp/4340061259008272630/clu_tmp/11480711595789921468/aln_step0 --sub-mat 'aa:blosum62.out,nucl:nucleotide.out' -a 0 --alignment-mode 3 --alignment-output-mode 0 --wrapped-scoring 0 -e 0.001 --min-seq-id 0 --min-aln-len 0 --seq-id-mode 0 --alt-ali 0 -c 0.8 --cov-mode 0 --max-seq-len 65535 --comp-bias-corr 0 --comp-bias-corr-scale 1 --max-rejected 2147483647 --max-accept 2147483647 --add-self-matches 0 --db-load-mode 0 --pca substitution:1.100,context:1.400 --pcb substitution:4.100,context:5.800 --score-bias 0 --realign 0 --realign-score-bias -0.2 --realign-max-seqs 2147483647 --corr-score-weight 0 --gap-open aa:11,nucl:5 --gap-extend aa:1,nucl:2 --zdrop 40 --threads 8 --compressed 0 -v 3 

Compute score, coverage and sequence identity
Query database size: 87 type: Aminoacid
Target database size: 87 type: Aminoacid
Calculation of alignments
[=================================================================] 87 0s 2ms
Time for merging to aln_step0: 0h 0m 0s 0ms
95 alignments calculated
93 sequence pairs passed the thresholds (0.978947 of overall calculated)
1.068966 hits per query sequence
Time for processing: 0h 0m 0s 7ms
clust tmp/4340061259008272630/clu_tmp/11480711595789921468/input_step_redundancy tmp/4340061259008272630/clu_tmp/11480711595789921468/aln_step0 tmp/4340061259008272630/clu_tmp/11480711595789921468/clu_step0 --cluster-mode 0 --max-iterations 1000 --similarity-type 2 --threads 8 --compressed 0 -v 3 --cluster-weight-threshold 0.9 

Clustering mode: Set Cover
[=================================================================] 87 0s 0ms
Sort entries
Find missing connections
Found 0 new connections.
Reconstruct initial order
[=================================================================] 87 0s 0ms
Add missing connections
[=================================================================] 87 0s 0ms

Time for read in: 0h 0m 0s 0ms
Total time: 0h 0m 0s 0ms

Size of the sequence database: 87
Size of the alignment database: 87
Number of clusters: 84

Writing results 0h 0m 0s 0ms
Time for merging to clu_step0: 0h 0m 0s 0ms
Time for processing: 0h 0m 0s 1ms
createsubdb tmp/4340061259008272630/clu_tmp/11480711595789921468/clu_step0 tmp/4340061259008272630/clu_tmp/11480711595789921468/input_step_redundancy tmp/4340061259008272630/clu_tmp/11480711595789921468/input_step1 -v 3 --subdb-mode 1 

Time for merging to input_step1: 0h 0m 0s 0ms
Time for processing: 0h 0m 0s 0ms
prefilter tmp/4340061259008272630/clu_tmp/11480711595789921468/input_step1 tmp/4340061259008272630/clu_tmp/11480711595789921468/input_step1 tmp/4340061259008272630/clu_tmp/11480711595789921468/pref_step1 --sub-mat 'aa:blosum62.out,nucl:nucleotide.out' --seed-sub-mat 'aa:VTML80.out,nucl:nucleotide.out' -s 3.5 -k 0 --target-search-mode 0 --k-score seq:2147483647,prof:2147483647 --alph-size aa:21,nucl:5 --max-seq-len 65535 --max-seqs 20 --split 0 --split-mode 2 --split-memory-limit 0 -c 0.8 --cov-mode 0 --comp-bias-corr 1 --comp-bias-corr-scale 1 --diag-score 1 --exact-kmer-matching 0 --mask 1 --mask-prob 0.9 --mask-lower-case 0 --mask-n-repeat 0 --min-ungapped-score 15 --add-self-matches 0 --spaced-kmer-mode 1 --db-load-mode 0 --pca substitution:1.100,context:1.400 --pcb substitution:4.100,context:5.800 --threads 8 --compressed 0 -v 3 

Query database size: 84 type: Aminoacid
Estimated memory consumption: 977M
Target database size: 84 type: Aminoacid
Index table k-mer threshold: 131 at k-mer size 6 
Index table: counting k-mers
[=================================================================] 84 0s 3ms
Index table: Masked residues: 113
Index table: fill
[=================================================================] 84 0s 4ms
Index statistics
Entries:          16186
DB size:          488 MB
Avg k-mer size:   0.000253
Top 10 k-mers
    KESEEA	2
    NTARRA	2
    GQPQIC	2
    IHGKQC	2
    SGHGSC	2
    RPAPSC	2
    PYCVCD	2
    KPGKDD	2
    SCRFSD	2
    GSALDE	2
Time for index table init: 0h 0m 0s 557ms
Process prefiltering step 1 of 1

k-mer similarity threshold: 131
Starting prefiltering scores calculation (step 1 of 1)
Query db start 1 to 84
Target db start 1 to 84
[================================================================] 84 0s 13ms
=
34.634198 k-mers per position
187 DB matches per sequence
0 overflows
1 sequences passed prefiltering per query sequence
1 median result list length
0 sequences with 0 size result lists
Time for merging to pref_step1: 0h 0m 0s 0ms
Time for processing: 0h 0m 1s 53ms
align tmp/4340061259008272630/clu_tmp/11480711595789921468/input_step1 tmp/4340061259008272630/clu_tmp/11480711595789921468/input_step1 tmp/4340061259008272630/clu_tmp/11480711595789921468/pref_step1 tmp/4340061259008272630/clu_tmp/11480711595789921468/aln_step1 --sub-mat 'aa:blosum62.out,nucl:nucleotide.out' -a 0 --alignment-mode 3 --alignment-output-mode 0 --wrapped-scoring 0 -e 0.001 --min-seq-id 0 --min-aln-len 0 --seq-id-mode 0 --alt-ali 0 -c 0.8 --cov-mode 0 --max-seq-len 65535 --comp-bias-corr 1 --comp-bias-corr-scale 1 --max-rejected 2147483647 --max-accept 2147483647 --add-self-matches 0 --db-load-mode 0 --pca substitution:1.100,context:1.400 --pcb substitution:4.100,context:5.800 --score-bias 0 --realign 0 --realign-score-bias -0.2 --realign-max-seqs 2147483647 --corr-score-weight 0 --gap-open aa:11,nucl:5 --gap-extend aa:1,nucl:2 --zdrop 40 --threads 8 --compressed 0 -v 3 

Compute score, coverage and sequence identity
Query database size: 84 type: Aminoacid
Target database size: 84 type: Aminoacid
Calculation of alignments
[=================================================================] 84 0s 3ms
Time for merging to aln_step1: 0h 0m 0s 1ms
90 alignments calculated
86 sequence pairs passed the thresholds (0.955556 of overall calculated)
1.023810 hits per query sequence
Time for processing: 0h 0m 0s 9ms
clust tmp/4340061259008272630/clu_tmp/11480711595789921468/input_step1 tmp/4340061259008272630/clu_tmp/11480711595789921468/aln_step1 tmp/4340061259008272630/clu_tmp/11480711595789921468/clu_step1 --cluster-mode 0 --max-iterations 1000 --similarity-type 2 --threads 8 --compressed 0 -v 3 --cluster-weight-threshold 0.9 

Clustering mode: Set Cover
[=================================================================] 84 0s 0ms
Sort entries
Find missing connections
Found 0 new connections.
Reconstruct initial order
[=================================================================] 84 0s 0ms
Add missing connections
[=================================================================] 84 0s 0ms

Time for read in: 0h 0m 0s 1ms
Total time: 0h 0m 0s 1ms

Size of the sequence database: 84
Size of the alignment database: 84
Number of clusters: 83

Writing results 0h 0m 0s 0ms
Time for merging to clu_step1: 0h 0m 0s 0ms
Time for processing: 0h 0m 0s 3ms
createsubdb tmp/4340061259008272630/clu_tmp/11480711595789921468/clu_step1 tmp/4340061259008272630/clu_tmp/11480711595789921468/input_step1 tmp/4340061259008272630/clu_tmp/11480711595789921468/input_step2 -v 3 --subdb-mode 1 

Time for merging to input_step2: 0h 0m 0s 0ms
Time for processing: 0h 0m 0s 1ms
prefilter tmp/4340061259008272630/clu_tmp/11480711595789921468/input_step2 tmp/4340061259008272630/clu_tmp/11480711595789921468/input_step2 tmp/4340061259008272630/clu_tmp/11480711595789921468/pref_step2 --sub-mat 'aa:blosum62.out,nucl:nucleotide.out' --seed-sub-mat 'aa:VTML80.out,nucl:nucleotide.out' -s 6 -k 0 --target-search-mode 0 --k-score seq:2147483647,prof:2147483647 --alph-size aa:21,nucl:5 --max-seq-len 65535 --max-seqs 20 --split 0 --split-mode 2 --split-memory-limit 0 -c 0.8 --cov-mode 0 --comp-bias-corr 1 --comp-bias-corr-scale 1 --diag-score 1 --exact-kmer-matching 0 --mask 1 --mask-prob 0.9 --mask-lower-case 0 --mask-n-repeat 0 --min-ungapped-score 15 --add-self-matches 0 --spaced-kmer-mode 1 --db-load-mode 0 --pca substitution:1.100,context:1.400 --pcb substitution:4.100,context:5.800 --threads 8 --compressed 0 -v 3 

Query database size: 83 type: Aminoacid
Estimated memory consumption: 977M
Target database size: 83 type: Aminoacid
Index table k-mer threshold: 109 at k-mer size 6 
Index table: counting k-mers
[=================================================================] 83 0s 3ms
Index table: Masked residues: 113
Index table: fill
[=================================================================] 83 0s 4ms
Index statistics
Entries:          16351
DB size:          488 MB
Avg k-mer size:   0.000255
Top 10 k-mers
    KESEEA	2
    NTARRA	2
    GQPQIC	2
    IHGKQC	2
    RPAPSC	2
    PYCVCD	2
    KPGKDD	2
    SCRFSD	2
    GSALDE	2
    CDRSDE	2
Time for index table init: 0h 0m 0s 560ms
Process prefiltering step 1 of 1

k-mer similarity threshold: 109
Starting prefiltering scores calculation (step 1 of 1)
Query db start 1 to 83
Target db start 1 to 83
[=================================================================] 83 0s 77ms

384.037750 k-mers per position
222 DB matches per sequence
0 overflows
1 sequences passed prefiltering per query sequence
1 median result list length
0 sequences with 0 size result lists
Time for merging to pref_step2: 0h 0m 0s 0ms
Time for processing: 0h 0m 1s 121ms
align tmp/4340061259008272630/clu_tmp/11480711595789921468/input_step2 tmp/4340061259008272630/clu_tmp/11480711595789921468/input_step2 tmp/4340061259008272630/clu_tmp/11480711595789921468/pref_step2 tmp/4340061259008272630/clu_tmp/11480711595789921468/aln_step2 --sub-mat 'aa:blosum62.out,nucl:nucleotide.out' -a 0 --alignment-mode 3 --alignment-output-mode 0 --wrapped-scoring 0 -e 0.001 --min-seq-id 0 --min-aln-len 0 --seq-id-mode 0 --alt-ali 0 -c 0.8 --cov-mode 0 --max-seq-len 65535 --comp-bias-corr 1 --comp-bias-corr-scale 1 --max-rejected 2147483647 --max-accept 2147483647 --add-self-matches 0 --db-load-mode 0 --pca substitution:1.100,context:1.400 --pcb substitution:4.100,context:5.800 --score-bias 0 --realign 0 --realign-score-bias -0.2 --realign-max-seqs 2147483647 --corr-score-weight 0 --gap-open aa:11,nucl:5 --gap-extend aa:1,nucl:2 --zdrop 40 --threads 8 --compressed 0 -v 3 

Compute score, coverage and sequence identity
Query database size: 83 type: Aminoacid
Target database size: 83 type: Aminoacid
Calculation of alignments
[=================================================================] 83 0s 3ms
Time for merging to aln_step2: 0h 0m 0s 0ms
96 alignments calculated
91 sequence pairs passed the thresholds (0.947917 of overall calculated)
1.096385 hits per query sequence
Time for processing: 0h 0m 0s 7ms
clust tmp/4340061259008272630/clu_tmp/11480711595789921468/input_step2 tmp/4340061259008272630/clu_tmp/11480711595789921468/aln_step2 tmp/4340061259008272630/clu_tmp/11480711595789921468/clu_step2 --cluster-mode 0 --max-iterations 1000 --similarity-type 2 --threads 8 --compressed 0 -v 3 --cluster-weight-threshold 0.9 

Clustering mode: Set Cover
[=================================================================] 83 0s 0ms
Sort entries
Find missing connections
Found 0 new connections.
Reconstruct initial order
[=================================================================] 83 0s 0ms
Add missing connections
[=================================================================] 83 0s 0ms

Time for read in: 0h 0m 0s 0ms
Total time: 0h 0m 0s 0ms

Size of the sequence database: 83
Size of the alignment database: 83
Number of clusters: 80

Writing results 0h 0m 0s 0ms
Time for merging to clu_step2: 0h 0m 0s 0ms
Time for processing: 0h 0m 0s 1ms
mergeclusters tmp/4340061259008272630/input tmp/4340061259008272630/clu tmp/4340061259008272630/clu_tmp/11480711595789921468/clu_redundancy tmp/4340061259008272630/clu_tmp/11480711595789921468/clu_step0 tmp/4340061259008272630/clu_tmp/11480711595789921468/clu_step1 tmp/4340061259008272630/clu_tmp/11480711595789921468/clu_step2 --threads 8 --compressed 0 -v 3 

Clustering step 1
[=================================================================] 87 0s 0ms
Clustering step 2
[=================================================================] 84 0s 0ms
Clustering step 3
[=================================================================] 83 0s 1ms
Clustering step 4
[=================================================================] 80 0s 1ms
Write merged clustering
[=================================================================] 124 0s 1ms
Time for merging to clu: 0h 0m 0s 0ms
Time for processing: 0h 0m 0s 6ms
rmdb tmp/4340061259008272630/clu_tmp/11480711595789921468/clu_redundancy -v 3 

Time for processing: 0h 0m 0s 0ms
rmdb tmp/4340061259008272630/clu_tmp/11480711595789921468/input_step_redundancy -v 3 

Time for processing: 0h 0m 0s 0ms
rmdb tmp/4340061259008272630/clu_tmp/11480711595789921468/input_step_redundancy_h -v 3 

Time for processing: 0h 0m 0s 0ms
rmdb tmp/4340061259008272630/clu_tmp/11480711595789921468/pref_step0 -v 3 

Time for processing: 0h 0m 0s 0ms
rmdb tmp/4340061259008272630/clu_tmp/11480711595789921468/aln_step0 -v 3 

Time for processing: 0h 0m 0s 0ms
rmdb tmp/4340061259008272630/clu_tmp/11480711595789921468/clu_step0 -v 3 

Time for processing: 0h 0m 0s 0ms
rmdb tmp/4340061259008272630/clu_tmp/11480711595789921468/pref_step1 -v 3 

Time for processing: 0h 0m 0s 0ms
rmdb tmp/4340061259008272630/clu_tmp/11480711595789921468/aln_step1 -v 3 

Time for processing: 0h 0m 0s 0ms
rmdb tmp/4340061259008272630/clu_tmp/11480711595789921468/clu_step1 -v 3 

Time for processing: 0h 0m 0s 0ms
rmdb tmp/4340061259008272630/clu_tmp/11480711595789921468/pref_step2 -v 3 

Time for processing: 0h 0m 0s 0ms
rmdb tmp/4340061259008272630/clu_tmp/11480711595789921468/aln_step2 -v 3 

Time for processing: 0h 0m 0s 0ms
rmdb tmp/4340061259008272630/clu_tmp/11480711595789921468/clu_step2 -v 3 

Time for processing: 0h 0m 0s 0ms
rmdb tmp/4340061259008272630/clu_tmp/11480711595789921468/input_step1 -v 3 

Time for processing: 0h 0m 0s 0ms
rmdb tmp/4340061259008272630/clu_tmp/11480711595789921468/input_step1_h -v 3 

Time for processing: 0h 0m 0s 0ms
rmdb tmp/4340061259008272630/clu_tmp/11480711595789921468/input_step2 -v 3 

Time for processing: 0h 0m 0s 0ms
rmdb tmp/4340061259008272630/clu_tmp/11480711595789921468/input_step2_h -v 3 

Time for processing: 0h 0m 0s 0ms
createtsv tmp/4340061259008272630/input tmp/4340061259008272630/input tmp/4340061259008272630/clu tmp/4340061259008272630/cluster.tsv --threads 8 -v 3 

Time for merging to cluster.tsv: 0h 0m 0s 0ms
Time for processing: 0h 0m 0s 4ms
result2repseq tmp/4340061259008272630/input tmp/4340061259008272630/clu tmp/4340061259008272630/clu_rep --db-load-mode 0 --compressed 0 --threads 8 -v 3 

[=================================================================] 80 0s 0ms
Time for merging to clu_rep: 0h 0m 0s 0ms
Time for processing: 0h 0m 0s 2ms
result2flat tmp/4340061259008272630/input tmp/4340061259008272630/input tmp/4340061259008272630/clu_rep tmp/4340061259008272630/rep_seq.fasta --use-fasta-header -v 3 

Time for processing: 0h 0m 0s 1ms
createseqfiledb tmp/4340061259008272630/input tmp/4340061259008272630/clu tmp/4340061259008272630/clu_seqs --threads 8 -v 3 

[=================================================================] 80 0s 0ms
Time for merging to clu_seqs: 0h 0m 0s 0ms
Time for processing: 0h 0m 0s 1ms
result2flat tmp/4340061259008272630/input tmp/4340061259008272630/input tmp/4340061259008272630/clu_seqs tmp/4340061259008272630/all_seqs.fasta -v 3 

Time for processing: 0h 0m 0s 0ms
rmdb tmp/4340061259008272630/input -v 3 

Time for processing: 0h 0m 0s 0ms
rmdb tmp/4340061259008272630/input_h -v 3 

Time for processing: 0h 0m 0s 0ms
rmdb tmp/4340061259008272630/clu_seqs -v 3 

Time for processing: 0h 0m 0s 0ms
rmdb tmp/4340061259008272630/clu_rep -v 3 

Time for processing: 0h 0m 0s 0ms
rmdb tmp/4340061259008272630/clu -v 3 

Time for processing: 0h 0m 0s 0ms
